Using pre-set license
Built from '2020.3/staging' branch; Version is '2020.3.21f1 (a38c86f6690f) revision 10718342'; Using compiler version '192528614'; Build Type 'Release'
OS: 'Windows 7  (6.1.0) 64bit' Language: 'ru' Physical Memory: 16367 MB
BatchMode: 1, IsHumanControllingUs: 0, StartBugReporterOnCrash: 0, Is64bit: 1, IsPro: 0

COMMAND LINE ARGUMENTS:
C:\Program Files\Unity\Hub\Editor\2020.3.21f1\Editor\Unity.exe
-adb2
-batchMode
-noUpm
-name
AssetImportWorker0
-projectPath
W:/Coding/Unity/Word Game
-logFile
Logs/AssetImportWorker0.log
-srvPort
63122
Successfully changed project path to: W:/Coding/Unity/Word Game
W:/Coding/Unity/Word Game
Using Asset Import Pipeline V2.
Refreshing native plugins compatible for Editor in 39.83 ms, found 2 plugins.
Preloading 0 native plugins for Editor in 0.00 ms.
Initialize engine version: 2020.3.21f1 (a38c86f6690f)
[Subsystems] Discovering subsystems at path C:/Program Files/Unity/Hub/Editor/2020.3.21f1/Editor/Data/Resources/UnitySubsystems
[Subsystems] Discovering subsystems at path W:/Coding/Unity/Word Game/Assets
GfxDevice: creating device client; threaded=0
d3d11: CreateDXGIFactory2(...) not found, fallbacking to CreateDXGIFactory1(...).
d3d11: QueryInterface(IDXGIFactory5) failed (80004002).
Direct3D:
    Version:  Direct3D 11.0 [level 11.0]
    Renderer: NVIDIA GeForce GTX 1060 6GB (ID=0x1c03)
    Vendor:   
    VRAM:     6036 MB
    Driver:   27.21.14.6647
Initialize mono
Mono path[0] = 'C:/Program Files/Unity/Hub/Editor/2020.3.21f1/Editor/Data/Managed'
Mono path[1] = 'C:/Program Files/Unity/Hub/Editor/2020.3.21f1/Editor/Data/MonoBleedingEdge/lib/mono/unityjit'
Mono config path = 'C:/Program Files/Unity/Hub/Editor/2020.3.21f1/Editor/Data/MonoBleedingEdge/etc'
Using monoOptions --debugger-agent=transport=dt_socket,embedding=1,server=y,suspend=n,address=127.0.0.1:56000
Begin MonoManager ReloadAssembly
Registering precompiled unity dll's ...
Register platform support module: C:/Program Files/Unity/Hub/Editor/2020.3.21f1/Editor/Data/PlaybackEngines/WebGLSupport/UnityEditor.WebGL.Extensions.dll
Register platform support module: C:/Program Files/Unity/Hub/Editor/2020.3.21f1/Editor/Data/PlaybackEngines/WindowsStandaloneSupport/UnityEditor.WindowsStandalone.Extensions.dll
Registered in 0.007541 seconds.
Native extension for WindowsStandalone target not found
Native extension for WebGL target not found
Refreshing native plugins compatible for Editor in 39.83 ms, found 2 plugins.
Preloading 0 native plugins for Editor in 0.00 ms.
Mono: successfully reloaded assembly
- Completed reload, in  3.135 seconds
Domain Reload Profiling:
	ReloadAssembly (3136ms)
		BeginReloadAssembly (72ms)
			ExecutionOrderSort (0ms)
			DisableScriptedObjects (0ms)
			BackupInstance (0ms)
			ReleaseScriptingObjects (0ms)
			CreateAndSetChildDomain (1ms)
		EndReloadAssembly (567ms)
			LoadAssemblies (72ms)
			RebuildTransferFunctionScriptingTraits (0ms)
			SetupTypeCache (187ms)
			ReleaseScriptCaches (0ms)
			RebuildScriptCaches (43ms)
			SetupLoadedEditorAssemblies (215ms)
				LogAssemblyErrors (0ms)
				InitializePlatformSupportModulesInManaged (6ms)
				SetLoadedEditorAssemblies (0ms)
				RefreshPlugins (40ms)
				BeforeProcessingInitializeOnLoad (21ms)
				ProcessInitializeOnLoadAttributes (103ms)
				ProcessInitializeOnLoadMethodAttributes (44ms)
				AfterProcessingInitializeOnLoad (0ms)
				EditorAssembliesLoaded (0ms)
			ExecutionOrderSort2 (0ms)
			AwakeInstancesAfterBackupRestoration (0ms)
Platform modules already initialized, skipping
Registering precompiled user dll's ...
Registered in 0.046043 seconds.
Begin MonoManager ReloadAssembly
Native extension for WindowsStandalone target not found
Native extension for WebGL target not found
Refreshing native plugins compatible for Editor in 0.46 ms, found 2 plugins.
Preloading 0 native plugins for Editor in 0.00 ms.
Mono: successfully reloaded assembly
- Completed reload, in  1.282 seconds
Domain Reload Profiling:
	ReloadAssembly (1283ms)
		BeginReloadAssembly (188ms)
			ExecutionOrderSort (0ms)
			DisableScriptedObjects (6ms)
			BackupInstance (0ms)
			ReleaseScriptingObjects (0ms)
			CreateAndSetChildDomain (21ms)
		EndReloadAssembly (1021ms)
			LoadAssemblies (109ms)
			RebuildTransferFunctionScriptingTraits (0ms)
			SetupTypeCache (359ms)
			ReleaseScriptCaches (0ms)
			RebuildScriptCaches (59ms)
			SetupLoadedEditorAssemblies (379ms)
				LogAssemblyErrors (0ms)
				InitializePlatformSupportModulesInManaged (7ms)
				SetLoadedEditorAssemblies (1ms)
				RefreshPlugins (1ms)
				BeforeProcessingInitializeOnLoad (94ms)
				ProcessInitializeOnLoadAttributes (260ms)
				ProcessInitializeOnLoadMethodAttributes (10ms)
				AfterProcessingInitializeOnLoad (6ms)
				EditorAssembliesLoaded (0ms)
			ExecutionOrderSort2 (0ms)
			AwakeInstancesAfterBackupRestoration (8ms)
Platform modules already initialized, skipping
========================================================================
Worker process is ready to serve import requests
Launched and connected shader compiler UnityShaderCompiler.exe after 0.07 seconds
Refreshing native plugins compatible for Editor in 0.56 ms, found 2 plugins.
Preloading 0 native plugins for Editor in 0.00 ms.
Unloading 1497 Unused Serialized files (Serialized files now loaded: 0)
System memory in use before: 67.5 MB.
System memory in use after: 67.6 MB.

Unloading 19 unused Assets to reduce memory usage. Loaded Objects now: 1932.
Total: 3.472277 ms (FindLiveObjects: 0.153344 ms CreateObjectMapping: 0.062485 ms MarkObjects: 3.190643 ms  DeleteObjects: 0.064598 ms)

AssetImportParameters requested are different than current active one (requested -> active):
  custom:framework-win-MediaFoundation: 216162199b28c13a410421893ffa2e32 -> 
  custom:video-decoder-ogg-theora: a1e56fd34408186e4bbccfd4996cb3dc -> 
  custom:container-muxer-webm: aa71ff27fc2769a1b78a27578f13a17b -> 
  custom:container-demuxer-webm: 4f35f7cbe854078d1ac9338744f61a02 -> 
  custom:container-demuxer-ogg: 62fdf1f143b41e24485cea50d1cbac27 -> 
  custom:video-encoder-webm-vp8: eb34c28f22e8b96e1ab97ce403110664 -> 
  custom:video-decoder-webm-vp8: 9c59270c3fd7afecdb556c50c9e8de78 -> 
  custom:audio-decoder-ogg-vorbis: bf7c407c2cedff20999df2af8eb42d56 -> 
  custom:audio-encoder-webm-vorbis: bf7c407c2cedff20999df2af8eb42d56 -> 
========================================================================
Received Import Request.
  path: Assets/Fonts/KellySlab-Regular.ttf
  artifactKey: Guid(907c9394e4650a949af3f1d111393491) Importer(815301076,1909f56bfc062723c751e8b465ee728b)
Start importing Assets/Fonts/KellySlab-Regular.ttf using Guid(907c9394e4650a949af3f1d111393491) Importer(815301076,1909f56bfc062723c751e8b465ee728b)  -> (artifact id: '0b183f2a2160ad9c45507f6b07fcb91a') in 0.172064 seconds 
  Import took 0.186447 seconds .

========================================================================
Received Import Request.
  Time since last request: 0.000318 seconds.
  path: Assets/Fonts/PressStart2P-Regular.ttf
  artifactKey: Guid(c42e4da292e57f14aa4af05c629ceb2a) Importer(815301076,1909f56bfc062723c751e8b465ee728b)
Start importing Assets/Fonts/PressStart2P-Regular.ttf using Guid(c42e4da292e57f14aa4af05c629ceb2a) Importer(815301076,1909f56bfc062723c751e8b465ee728b)  -> (artifact id: '201b843a516965e598ec10ca4b986ebd') in 0.010055 seconds 
  Import took 0.016240 seconds .

========================================================================
Received Import Request.
  Time since last request: 0.000355 seconds.
  path: Assets/Fonts/Neucha-Regular.ttf
  artifactKey: Guid(40985433c136af24db7253a1db0504d4) Importer(815301076,1909f56bfc062723c751e8b465ee728b)
Start importing Assets/Fonts/Neucha-Regular.ttf using Guid(40985433c136af24db7253a1db0504d4) Importer(815301076,1909f56bfc062723c751e8b465ee728b)  -> (artifact id: '7ea12534ef4acb37489ecec1653df721') in 0.010898 seconds 
  Import took 0.014057 seconds .

========================================================================
Received Import Request.
  Time since last request: 0.000333 seconds.
  path: Assets/Fonts/MontserratSubrayada-Bold.ttf
  artifactKey: Guid(0f9de400ec8efb04c8966acdb7ed8375) Importer(815301076,1909f56bfc062723c751e8b465ee728b)
Start importing Assets/Fonts/MontserratSubrayada-Bold.ttf using Guid(0f9de400ec8efb04c8966acdb7ed8375) Importer(815301076,1909f56bfc062723c751e8b465ee728b)  -> (artifact id: '5bb09b82c20174b5426f66c10c5be843') in 0.011223 seconds 
  Import took 0.014145 seconds .

========================================================================
Received Import Request.
  Time since last request: 0.000307 seconds.
  path: Assets/Fonts/Monoton-Regular.ttf
  artifactKey: Guid(0eec4436fb3177044a108afa2f8f3497) Importer(815301076,1909f56bfc062723c751e8b465ee728b)
Start importing Assets/Fonts/Monoton-Regular.ttf using Guid(0eec4436fb3177044a108afa2f8f3497) Importer(815301076,1909f56bfc062723c751e8b465ee728b)  -> (artifact id: '25f6442c56b744d260428a981764477c') in 0.012592 seconds 
  Import took 0.029452 seconds .

========================================================================
Received Import Request.
  Time since last request: 0.000257 seconds.
  path: Assets/Fonts/Jura-Bold.ttf
  artifactKey: Guid(ca92df95e2726934aacb137ee0979eec) Importer(815301076,1909f56bfc062723c751e8b465ee728b)
Start importing Assets/Fonts/Jura-Bold.ttf using Guid(ca92df95e2726934aacb137ee0979eec) Importer(815301076,1909f56bfc062723c751e8b465ee728b)  -> (artifact id: '5069ad5b8479f1940f8e09483067d6d2') in 0.010743 seconds 
  Import took 0.014079 seconds .

========================================================================
Received Import Request.
  Time since last request: 0.000284 seconds.
  path: Assets/Fonts/AmaticSC-Bold.ttf
  artifactKey: Guid(7b8bf4598309db347b73c05be2dc019b) Importer(815301076,1909f56bfc062723c751e8b465ee728b)
Start importing Assets/Fonts/AmaticSC-Bold.ttf using Guid(7b8bf4598309db347b73c05be2dc019b) Importer(815301076,1909f56bfc062723c751e8b465ee728b)  -> (artifact id: 'f51cf82d5b916eabe7bc5083402d6fe7') in 0.010619 seconds 
  Import took 0.013455 seconds .

========================================================================
Received Import Request.
  Time since last request: 0.000294 seconds.
  path: Assets/Fonts/PoiretOne-Regular.ttf
  artifactKey: Guid(4ede656e6ee59b7478d5ac542c8cf929) Importer(815301076,1909f56bfc062723c751e8b465ee728b)
Start importing Assets/Fonts/PoiretOne-Regular.ttf using Guid(4ede656e6ee59b7478d5ac542c8cf929) Importer(815301076,1909f56bfc062723c751e8b465ee728b)  -> (artifact id: 'f18257e23723b5575c1228abb793e69e') in 0.010568 seconds 
  Import took 0.013411 seconds .

========================================================================
Received Import Request.
  Time since last request: 97.313668 seconds.
  path: Assets/Prefabs/PrefabLetter.prefab
  artifactKey: Guid(842fb8f175e70fd458adf0fca948bd8e) Importer(815301076,1909f56bfc062723c751e8b465ee728b)
Start importing Assets/Prefabs/PrefabLetter.prefab using Guid(842fb8f175e70fd458adf0fca948bd8e) Importer(815301076,1909f56bfc062723c751e8b465ee728b)  -> (artifact id: '9d16b14a80b4956e3498fa800f5c3725') in 0.026077 seconds 
  Import took 0.029080 seconds .

========================================================================
Received Import Request.
  Time since last request: 47.928411 seconds.
  path: Assets/Scripts/Letter.cs
  artifactKey: Guid(cff90c58bb7ab4b4191cd62ecdfcbcbb) Importer(815301076,1909f56bfc062723c751e8b465ee728b)
Start importing Assets/Scripts/Letter.cs using Guid(cff90c58bb7ab4b4191cd62ecdfcbcbb) Importer(815301076,1909f56bfc062723c751e8b465ee728b)  -> (artifact id: 'e73894265aead13808a696ce985d4e81') in 0.005670 seconds 
  Import took 0.009282 seconds .

========================================================================
Received Prepare
Registering precompiled user dll's ...
Registered in 0.003625 seconds.
Begin MonoManager ReloadAssembly
Native extension for WindowsStandalone target not found
Native extension for WebGL target not found
Refreshing native plugins compatible for Editor in 0.46 ms, found 2 plugins.
Preloading 0 native plugins for Editor in 0.00 ms.
Mono: successfully reloaded assembly
- Completed reload, in  1.238 seconds
Domain Reload Profiling:
	ReloadAssembly (1239ms)
		BeginReloadAssembly (117ms)
			ExecutionOrderSort (0ms)
			DisableScriptedObjects (5ms)
			BackupInstance (0ms)
			ReleaseScriptingObjects (0ms)
			CreateAndSetChildDomain (32ms)
		EndReloadAssembly (1041ms)
			LoadAssemblies (104ms)
			RebuildTransferFunctionScriptingTraits (0ms)
			SetupTypeCache (360ms)
			ReleaseScriptCaches (1ms)
			RebuildScriptCaches (54ms)
			SetupLoadedEditorAssemblies (378ms)
				LogAssemblyErrors (0ms)
				InitializePlatformSupportModulesInManaged (8ms)
				SetLoadedEditorAssemblies (1ms)
				RefreshPlugins (1ms)
				BeforeProcessingInitializeOnLoad (95ms)
				ProcessInitializeOnLoadAttributes (257ms)
				ProcessInitializeOnLoadMethodAttributes (11ms)
				AfterProcessingInitializeOnLoad (6ms)
				EditorAssembliesLoaded (0ms)
			ExecutionOrderSort2 (0ms)
			AwakeInstancesAfterBackupRestoration (10ms)
Platform modules already initialized, skipping
Refreshing native plugins compatible for Editor in 0.49 ms, found 2 plugins.
Preloading 0 native plugins for Editor in 0.00 ms.
Unloading 1491 Unused Serialized files (Serialized files now loaded: 0)
System memory in use before: 70.7 MB.
System memory in use after: 70.8 MB.

Unloading 14 unused Assets to reduce memory usage. Loaded Objects now: 1979.
Total: 3.512424 ms (FindLiveObjects: 0.163305 ms CreateObjectMapping: 0.070937 ms MarkObjects: 3.258863 ms  DeleteObjects: 0.018112 ms)

AssetImportParameters requested are different than current active one (requested -> active):
  custom:framework-win-MediaFoundation: 216162199b28c13a410421893ffa2e32 -> 
  custom:video-decoder-ogg-theora: a1e56fd34408186e4bbccfd4996cb3dc -> 
  custom:container-muxer-webm: aa71ff27fc2769a1b78a27578f13a17b -> 
  custom:container-demuxer-webm: 4f35f7cbe854078d1ac9338744f61a02 -> 
  custom:container-demuxer-ogg: 62fdf1f143b41e24485cea50d1cbac27 -> 
  custom:video-encoder-webm-vp8: eb34c28f22e8b96e1ab97ce403110664 -> 
  custom:video-decoder-webm-vp8: 9c59270c3fd7afecdb556c50c9e8de78 -> 
  custom:audio-decoder-ogg-vorbis: bf7c407c2cedff20999df2af8eb42d56 -> 
  custom:audio-encoder-webm-vorbis: bf7c407c2cedff20999df2af8eb42d56 -> 
========================================================================
Received Import Request.
  Time since last request: 877.045544 seconds.
  path: Assets/Scripts/Letter.cs
  artifactKey: Guid(cff90c58bb7ab4b4191cd62ecdfcbcbb) Importer(815301076,1909f56bfc062723c751e8b465ee728b)
Start importing Assets/Scripts/Letter.cs using Guid(cff90c58bb7ab4b4191cd62ecdfcbcbb) Importer(815301076,1909f56bfc062723c751e8b465ee728b)  -> (artifact id: '6ae50669b3e5d5af13a4ba32713149db') in 0.005318 seconds 
  Import took 0.023500 seconds .

========================================================================
Received Import Request.
  Time since last request: 7.505447 seconds.
  path: Assets/Scripts/Letter.cs
  artifactKey: Guid(cff90c58bb7ab4b4191cd62ecdfcbcbb) Importer(815301076,1909f56bfc062723c751e8b465ee728b)
Start importing Assets/Scripts/Letter.cs using Guid(cff90c58bb7ab4b4191cd62ecdfcbcbb) Importer(815301076,1909f56bfc062723c751e8b465ee728b)  -> (artifact id: 'aac2402ea4b23601cf1fb35e8750c52f') in 0.002135 seconds 
  Import took 0.015306 seconds .

========================================================================
Received Import Request.
  Time since last request: 31.339819 seconds.
  path: Assets/Scripts/Letter.cs
  artifactKey: Guid(cff90c58bb7ab4b4191cd62ecdfcbcbb) Importer(815301076,1909f56bfc062723c751e8b465ee728b)
Start importing Assets/Scripts/Letter.cs using Guid(cff90c58bb7ab4b4191cd62ecdfcbcbb) Importer(815301076,1909f56bfc062723c751e8b465ee728b)  -> (artifact id: 'f251e62ee50b965307fd913d3f6d2a9f') in 0.002350 seconds 
  Import took 0.005532 seconds .

========================================================================
Received Import Request.
  Time since last request: 6.645238 seconds.
  path: Assets/Scripts/Letter.cs
  artifactKey: Guid(cff90c58bb7ab4b4191cd62ecdfcbcbb) Importer(815301076,1909f56bfc062723c751e8b465ee728b)
Start importing Assets/Scripts/Letter.cs using Guid(cff90c58bb7ab4b4191cd62ecdfcbcbb) Importer(815301076,1909f56bfc062723c751e8b465ee728b)  -> (artifact id: '23735c069a97a0ef5df1735473be71ab') in 0.002578 seconds 
  Import took 0.006786 seconds .

========================================================================
Received Import Request.
  Time since last request: 8.700721 seconds.
  path: Assets/Scripts/Letter.cs
  artifactKey: Guid(cff90c58bb7ab4b4191cd62ecdfcbcbb) Importer(815301076,1909f56bfc062723c751e8b465ee728b)
Start importing Assets/Scripts/Letter.cs using Guid(cff90c58bb7ab4b4191cd62ecdfcbcbb) Importer(815301076,1909f56bfc062723c751e8b465ee728b)  -> (artifact id: '9684d7f9aaa95fa17fc503bcaae49246') in 0.002190 seconds 
  Import took 0.005323 seconds .

========================================================================
Received Import Request.
  Time since last request: 6.180578 seconds.
  path: Assets/Scripts/Letter.cs
  artifactKey: Guid(cff90c58bb7ab4b4191cd62ecdfcbcbb) Importer(815301076,1909f56bfc062723c751e8b465ee728b)
Start importing Assets/Scripts/Letter.cs using Guid(cff90c58bb7ab4b4191cd62ecdfcbcbb) Importer(815301076,1909f56bfc062723c751e8b465ee728b)  -> (artifact id: '2e36f107ab07b852806192ac2ef6964e') in 0.025651 seconds 
  Import took 0.028600 seconds .

========================================================================
Received Import Request.
  Time since last request: 6.338056 seconds.
  path: Assets/Scripts/Letter.cs
  artifactKey: Guid(cff90c58bb7ab4b4191cd62ecdfcbcbb) Importer(815301076,1909f56bfc062723c751e8b465ee728b)
Start importing Assets/Scripts/Letter.cs using Guid(cff90c58bb7ab4b4191cd62ecdfcbcbb) Importer(815301076,1909f56bfc062723c751e8b465ee728b)  -> (artifact id: '10969bde5312d3de1f31974515466dca') in 0.002382 seconds 
  Import took 0.010283 seconds .

========================================================================
Received Import Request.
  Time since last request: 97.423694 seconds.
  path: Assets/Scripts/Letter.cs
  artifactKey: Guid(cff90c58bb7ab4b4191cd62ecdfcbcbb) Importer(815301076,1909f56bfc062723c751e8b465ee728b)
Start importing Assets/Scripts/Letter.cs using Guid(cff90c58bb7ab4b4191cd62ecdfcbcbb) Importer(815301076,1909f56bfc062723c751e8b465ee728b)  -> (artifact id: 'bd496bb315a6a327e25216bcd64a3845') in 0.002251 seconds 
  Import took 0.005843 seconds .

========================================================================
Received Prepare
Registering precompiled user dll's ...
Registered in 0.049405 seconds.
Begin MonoManager ReloadAssembly
Native extension for WindowsStandalone target not found
Native extension for WebGL target not found
Refreshing native plugins compatible for Editor in 0.53 ms, found 2 plugins.
Preloading 0 native plugins for Editor in 0.00 ms.
Mono: successfully reloaded assembly
- Completed reload, in  1.121 seconds
Domain Reload Profiling:
	ReloadAssembly (1121ms)
		BeginReloadAssembly (111ms)
			ExecutionOrderSort (0ms)
			DisableScriptedObjects (6ms)
			BackupInstance (0ms)
			ReleaseScriptingObjects (0ms)
			CreateAndSetChildDomain (32ms)
		EndReloadAssembly (940ms)
			LoadAssemblies (99ms)
			RebuildTransferFunctionScriptingTraits (0ms)
			SetupTypeCache (329ms)
			ReleaseScriptCaches (1ms)
			RebuildScriptCaches (51ms)
			SetupLoadedEditorAssemblies (345ms)
				LogAssemblyErrors (0ms)
				InitializePlatformSupportModulesInManaged (7ms)
				SetLoadedEditorAssemblies (1ms)
				RefreshPlugins (1ms)
				BeforeProcessingInitializeOnLoad (85ms)
				ProcessInitializeOnLoadAttributes (237ms)
				ProcessInitializeOnLoadMethodAttributes (10ms)
				AfterProcessingInitializeOnLoad (5ms)
				EditorAssembliesLoaded (0ms)
			ExecutionOrderSort2 (0ms)
			AwakeInstancesAfterBackupRestoration (8ms)
Platform modules already initialized, skipping
Refreshing native plugins compatible for Editor in 0.56 ms, found 2 plugins.
Preloading 0 native plugins for Editor in 0.00 ms.
Unloading 1491 Unused Serialized files (Serialized files now loaded: 0)
System memory in use before: 70.8 MB.
System memory in use after: 70.9 MB.

Unloading 14 unused Assets to reduce memory usage. Loaded Objects now: 1981.
Total: 3.419150 ms (FindLiveObjects: 0.153042 ms CreateObjectMapping: 0.060372 ms MarkObjects: 3.185511 ms  DeleteObjects: 0.019017 ms)

AssetImportParameters requested are different than current active one (requested -> active):
  custom:framework-win-MediaFoundation: 216162199b28c13a410421893ffa2e32 -> 
  custom:video-decoder-ogg-theora: a1e56fd34408186e4bbccfd4996cb3dc -> 
  custom:container-muxer-webm: aa71ff27fc2769a1b78a27578f13a17b -> 
  custom:container-demuxer-webm: 4f35f7cbe854078d1ac9338744f61a02 -> 
  custom:container-demuxer-ogg: 62fdf1f143b41e24485cea50d1cbac27 -> 
  custom:video-encoder-webm-vp8: eb34c28f22e8b96e1ab97ce403110664 -> 
  custom:video-decoder-webm-vp8: 9c59270c3fd7afecdb556c50c9e8de78 -> 
  custom:audio-decoder-ogg-vorbis: bf7c407c2cedff20999df2af8eb42d56 -> 
  custom:audio-encoder-webm-vorbis: bf7c407c2cedff20999df2af8eb42d56 -> 
AssetImportWorkerClient::OnTransportError - code=2 error=End of file
